\BOOKMARK [1][-]{section.1}{Introdu\347\343o}{}% 1
\BOOKMARK [2][-]{subsection.1.1}{Considera\347\365es iniciais}{section.1}% 2
\BOOKMARK [2][-]{subsection.1.2}{Especifi\347\343o do problema}{section.1}% 3
\BOOKMARK [1][-]{section.2}{Algoritmo e estruturas de dados}{}% 4
\BOOKMARK [2][-]{subsection.2.1}{Estruturas gerais}{section.2}% 5
\BOOKMARK [2][-]{subsection.2.2}{Algoritmos de ordena\347\343o}{section.2}% 6
\BOOKMARK [1][-]{section.3}{An\341lise de complexidade dos algoritmos}{}% 7
\BOOKMARK [2][-]{subsection.3.1}{BubbleSort}{section.3}% 8
\BOOKMARK [2][-]{subsection.3.2}{InsertionSort}{section.3}% 9
\BOOKMARK [2][-]{subsection.3.3}{Selection Sort}{section.3}% 10
\BOOKMARK [2][-]{subsection.3.4}{MergeSort}{section.3}% 11
\BOOKMARK [2][-]{subsection.3.5}{HeapSort}{section.3}% 12
\BOOKMARK [2][-]{subsection.3.6}{QuickSort}{section.3}% 13
\BOOKMARK [1][-]{section.4}{Testes}{}% 14
\BOOKMARK [2][-]{subsection.4.1}{Lista ordenada em ordem crescente}{section.4}% 15
\BOOKMARK [3][-]{subsubsection.4.1.1}{Algoritmos ineficientes}{subsection.4.1}% 16
\BOOKMARK [3][-]{subsubsection.4.1.2}{Algoritmos eficientes}{subsection.4.1}% 17
\BOOKMARK [2][-]{subsection.4.2}{Lista ordenada em ordem decrescente}{section.4}% 18
\BOOKMARK [3][-]{subsubsection.4.2.1}{Algoritmos ineficientes}{subsection.4.2}% 19
\BOOKMARK [3][-]{subsubsection.4.2.2}{Algoritmos eficientes}{subsection.4.2}% 20
\BOOKMARK [2][-]{subsection.4.3}{Lista quase ordenada}{section.4}% 21
\BOOKMARK [3][-]{subsubsection.4.3.1}{Algoritmos ineficientes}{subsection.4.3}% 22
\BOOKMARK [3][-]{subsubsection.4.3.2}{Algoritmos eficientes}{subsection.4.3}% 23
\BOOKMARK [2][-]{subsection.4.4}{Lista Aleat\363ria}{section.4}% 24
\BOOKMARK [3][-]{subsubsection.4.4.1}{Algoritmos ineficientes}{subsection.4.4}% 25
\BOOKMARK [3][-]{subsubsection.4.4.2}{Algoritmos eficientes}{subsection.4.4}% 26
\BOOKMARK [1][-]{section.5}{Conclus\343o}{}% 27
